<?xml version="1.0" encoding="utf-8"?><testsuites name="pytest tests"><testsuite name="pytest" errors="0" failures="0" skipped="0" tests="22" time="3.828" timestamp="2026-06-09T18:30:21.014861+00:00" hostname="agent-env-46adef0e-53cb-43b5-a904-5506e1800a03"><testcase classname="backend.tests.test_event_driven.TestAuth" name="test_login_citizen" time="0.553" /><testcase classname="backend.tests.test_event_driven.TestAuth" name="test_login_admin" time="0.279" /><testcase classname="backend.tests.test_event_driven.TestAuth" name="test_login_invalid" time="0.056" /><testcase classname="backend.tests.test_event_driven.TestAutoRoutage" name="test_water_cocody_routes_to_eau_cocody_urgent" time="0.377" /><testcase classname="backend.tests.test_event_driven.TestAutoRoutage" name="test_waste_yopougon_routes_to_dechets_yopougon_normal" time="0.096" /><testcase classname="backend.tests.test_event_driven.TestAutoRoutage" name="test_unknown_zone_falls_back_to_zone_inconnue" time="0.108" /><testcase classname="backend.tests.test_event_driven.TestAutoRoutage" name="test_drainage_is_urgent_critique" time="0.117" /><testcase classname="backend.tests.test_event_driven.TestNotifications" name="test_admin_resolve_emits_email_event" time="1.402" /><testcase classname="backend.tests.test_event_driven.TestNotifications" name="test_auto_routing_emits_sms_event" time="0.054" /><testcase classname="backend.tests.test_event_driven.TestNotifications" name="test_citizen_cannot_access_notification_events" time="0.050" /><testcase classname="backend.tests.test_event_driven.TestStats" name="test_stats_includes_new_fields" time="0.075" /><testcase classname="backend.tests.test_event_driven.TestStats" name="test_stats_citizen_forbidden" time="0.050" /><testcase classname="backend.tests.test_event_driven.TestFilters" name="test_filter_status_assigned" time="0.060" /><testcase classname="backend.tests.test_event_driven.TestFilters" name="test_filter_type_water" time="0.088" /><testcase classname="backend.tests.test_event_driven.TestFilters" name="test_filter_priority_urgent" time="0.049" /><testcase classname="backend.tests.test_event_driven.TestRegression" name="test_citizen_sees_only_own" time="0.049" /><testcase classname="backend.tests.test_event_driven.TestRegression" name="test_admin_sees_all" time="0.051" /><testcase classname="backend.tests.test_event_driven.TestRegression" name="test_citizen_cannot_update" time="0.057" /><testcase classname="backend.tests.test_event_driven.TestRegression" name="test_admin_update_to_processing" time="0.061" /><testcase classname="backend.tests.test_event_driven.TestRegression" name="test_register_push_endpoint_exists" time="0.062" /><testcase classname="backend.tests.test_event_driven.TestScheduler" name="test_escalade_function_present_in_code" time="0.000" /><testcase classname="backend.tests.test_event_driven.TestScheduler" name="test_scheduler_started_in_logs" time="0.001" /></testsuite></testsuites>