<?xml version="1.0" encoding="utf-8"?><testsuites name="pytest tests"><testsuite name="pytest" errors="0" failures="0" skipped="0" tests="13" time="1.999" timestamp="2026-06-09T17:45:17.337191+00:00" hostname="agent-env-46adef0e-53cb-43b5-a904-5506e1800a03"><testcase classname="backend.tests.test_backend_api.TestAuth" name="test_login_citizen" time="0.444" /><testcase classname="backend.tests.test_backend_api.TestAuth" name="test_login_admin" time="0.271" /><testcase classname="backend.tests.test_backend_api.TestAuth" name="test_login_invalid" time="0.054" /><testcase classname="backend.tests.test_backend_api.TestRegisterPush" name="test_register_push_no_auth_required" time="0.113" /><testcase classname="backend.tests.test_backend_api.TestRegisterPush" name="test_register_push_validation" time="0.048" /><testcase classname="backend.tests.test_backend_api.TestReports" name="test_list_reports_requires_auth" time="0.044" /><testcase classname="backend.tests.test_backend_api.TestReports" name="test_create_report_citizen" time="0.320" /><testcase classname="backend.tests.test_backend_api.TestReports" name="test_citizen_sees_own_reports" time="0.046" /><testcase classname="backend.tests.test_backend_api.TestReports" name="test_admin_sees_all_reports" time="0.321" /><testcase classname="backend.tests.test_backend_api.TestReports" name="test_citizen_cannot_update_report" time="0.051" /><testcase classname="backend.tests.test_backend_api.TestReports" name="test_admin_update_status_triggers_push_non_blocking" time="0.057" /><testcase classname="backend.tests.test_backend_api.TestReports" name="test_get_single_report" time="0.049" /><testcase classname="backend.tests.test_backend_api.TestReports" name="test_stats_admin_only" time="0.103" /></testsuite></testsuites>